<?xml version="1.0" encoding="UTF-8"?>
<testng-results ignored="0" total="1" passed="1" failed="0" skipped="0">
  <reporter-output>
  </reporter-output>
  <suite started-at="2022-08-30T17:09:31 IST" name="Default suite" finished-at="2022-08-30T17:09:33 IST" duration-ms="2396">
    <groups>
    </groups>
    <test started-at="2022-08-30T17:09:31 IST" name="Default test" finished-at="2022-08-30T17:09:33 IST" duration-ms="2396">
      <class name="com.api.deserialization.ConvertJsonResponseDynamically">
        <test-method signature="dynamicConversion()[pri:0, instance:com.api.deserialization.ConvertJsonResponseDynamically@2a54a73f]" started-at="2022-08-30T17:09:31 IST" name="dynamicConversion" finished-at="2022-08-30T17:09:33 IST" duration-ms="2356" status="PASS">
          <reporter-output>
          </reporter-output>
        </test-method> <!-- dynamicConversion -->
      </class> <!-- com.api.deserialization.ConvertJsonResponseDynamically -->
    </test> <!-- Default test -->
  </suite> <!-- Default suite -->
</testng-results>
